Assuming unrestricted shared filesystem usage.
host: DESKTOP-CFH1CQT
Building DAG of jobs...
Provided cores: 1 (use --cores to define parallelism)
Rules claiming more threads will be scaled down.
Job stats:
job                   count
------------------  -------
synthesize_dataset        1
total                     1

Select jobs to execute...
Execute 1 jobs...
[Mon Oct 20 15:14:27 2025]
localrule synthesize_dataset:
    output: data/processed/dummy_data.csv
    jobid: 0
    reason: Missing output files: data/processed/dummy_data.csv
    resources: tmpdir=C:\Users\Socce\AppData\Local\Temp
[Mon Oct 20 15:14:28 2025]
Finished jobid: 0 (Rule: synthesize_dataset)
1 of 1 steps (100%) done
Complete log(s): D:\AI_PROJECTS\alpha-factory\.snakemake\log\2025-10-20T151427.054264.snakemake.log
