Assuming unrestricted shared filesystem usage.
host: DESKTOP-CFH1CQT
Building DAG of jobs...
Provided cores: 1 (use --cores to define parallelism)
Rules claiming more threads will be scaled down.
Job stats:
job             count
------------  -------
all                 1
run_backtest        1
train_model         1
total               3

Select jobs to execute...
Execute 1 jobs...
[Mon Oct 20 15:20:43 2025]
localrule train_model:
    input: data/processed/dummy_data.csv
    output: models/dummy_model.joblib
    jobid: 2
    reason: Missing output files: models/dummy_model.joblib
    resources: tmpdir=C:\Users\Socce\AppData\Local\Temp
[Mon Oct 20 15:20:50 2025]
Finished jobid: 2 (Rule: train_model)
1 of 3 steps (33%) done
Select jobs to execute...
Execute 1 jobs...
[Mon Oct 20 15:20:50 2025]
localrule run_backtest:
    input: models/dummy_model.joblib
    output: reports/dummy_backtest_report.html
    jobid: 1
    reason: Missing output files: reports/dummy_backtest_report.html; Input files updated by another job: models/dummy_model.joblib
    resources: tmpdir=C:\Users\Socce\AppData\Local\Temp
Waiting at most 5 seconds for missing files:
reports/dummy_backtest_report.html (missing locally)
MissingOutputException in rule run_backtest in file "D:\AI_PROJECTS\alpha-factory\Snakefile", line 36:
Job 1  completed successfully, but some output files are missing. Missing files after 5 seconds. This might be due to filesystem latency. If that is the case, consider to increase the wait time with --latency-wait:
reports/dummy_backtest_report.html (missing locally, parent dir not present)
Shutting down, this might take some time.
Exiting because a job execution failed. Look below for error messages
[Mon Oct 20 15:20:55 2025]
Error in rule run_backtest:
    message: None
    jobid: 1
    input: models/dummy_model.joblib
    output: reports/dummy_backtest_report.html
Complete log(s): D:\AI_PROJECTS\alpha-factory\.snakemake\log\2025-10-20T152043.673178.snakemake.log
WorkflowError:
At least one job did not complete successfully.
