Assuming unrestricted shared filesystem usage.
host: DESKTOP-CFH1CQT
Building DAG of jobs...
Provided cores: 1 (use --cores to define parallelism)
Rules claiming more threads will be scaled down.
Job stats:
job                   count
------------------  -------
all                       1
run_backtest              1
synthesize_dataset        1
train_model               1
total                     4

Select jobs to execute...
Execute 1 jobs...
[Mon Oct 20 16:20:16 2025]
localrule synthesize_dataset:
    output: data/processed/master_m15_features.csv
    jobid: 3
    reason: Missing output files: data/processed/master_m15_features.csv
    resources: tmpdir=C:\Users\Socce\AppData\Local\Temp
[Mon Oct 20 16:20:19 2025]
Finished jobid: 3 (Rule: synthesize_dataset)
1 of 4 steps (25%) done
Select jobs to execute...
Execute 1 jobs...
[Mon Oct 20 16:20:19 2025]
localrule train_model:
    input: data/processed/master_m15_features.csv
    output: models/dummy_model.joblib
    jobid: 2
    reason: Input files updated by another job: data/processed/master_m15_features.csv; Set of input files has changed since last execution; Code has changed since last execution
    resources: tmpdir=C:\Users\Socce\AppData\Local\Temp
[Mon Oct 20 16:20:25 2025]
Finished jobid: 2 (Rule: train_model)
2 of 4 steps (50%) done
Select jobs to execute...
Execute 1 jobs...
[Mon Oct 20 16:20:25 2025]
localrule run_backtest:
    input: models/dummy_model.joblib
    output: reports/dummy_backtest_report.html
    jobid: 1
    reason: Input files updated by another job: models/dummy_model.joblib
    resources: tmpdir=C:\Users\Socce\AppData\Local\Temp
[Mon Oct 20 16:20:26 2025]
Finished jobid: 1 (Rule: run_backtest)
3 of 4 steps (75%) done
Select jobs to execute...
Execute 1 jobs...
[Mon Oct 20 16:20:26 2025]
localrule all:
    input: reports/dummy_backtest_report.html
    jobid: 0
    reason: Input files updated by another job: reports/dummy_backtest_report.html
    resources: tmpdir=C:\Users\Socce\AppData\Local\Temp
[Mon Oct 20 16:20:26 2025]
Finished jobid: 0 (Rule: all)
4 of 4 steps (100%) done
Complete log(s): D:\AI_PROJECTS\alpha-factory\.snakemake\log\2025-10-20T162016.603103.snakemake.log
